Tue Aug  6 20:36:29 2019       
+-----------------------------------------------------------------------------+
| NVIDIA-SMI 410.104      Driver Version: 410.104      CUDA Version: 10.0     |
|-------------------------------+----------------------+----------------------+
| GPU  Name        Persistence-M| Bus-Id        Disp.A | Volatile Uncorr. ECC |
| Fan  Temp  Perf  Pwr:Usage/Cap|         Memory-Usage | GPU-Util  Compute M. |
|===============================+======================+======================|
|   0  Tesla K80           Off  | 00000000:04:00.0 Off |                    0 |
| N/A   46C    P0    61W / 149W |   5188MiB / 11441MiB |      0%      Default |
+-------------------------------+----------------------+----------------------+
|   1  Tesla K80           Off  | 00000000:05:00.0 Off |                    0 |
| N/A   33C    P0    72W / 149W |      0MiB / 11441MiB |      0%      Default |
+-------------------------------+----------------------+----------------------+
|   2  Tesla K80           Off  | 00000000:84:00.0 Off |                    0 |
| N/A   34C    P0    68W / 149W |      0MiB / 11441MiB |      0%      Default |
+-------------------------------+----------------------+----------------------+
|   3  Tesla K80           Off  | 00000000:85:00.0 Off |                    0 |
| N/A   42C    P0    82W / 149W |      0MiB / 11441MiB |     97%      Default |
+-------------------------------+----------------------+----------------------+
                                                                               
+-----------------------------------------------------------------------------+
| Processes:                                                       GPU Memory |
|  GPU       PID   Type   Process name                             Usage      |
|=============================================================================|
|    0     32245      C   python                                      5177MiB |
+-----------------------------------------------------------------------------+
2019-08-06 20:44:42.143610: I tensorflow/core/platform/cpu_feature_guard.cc:141] Your CPU supports instructions that this TensorFlow binary was not compiled to use: AVX2 FMA
2019-08-06 20:44:49.318286: I tensorflow/core/common_runtime/gpu/gpu_device.cc:1432] Found device 0 with properties: 
name: Tesla K80 major: 3 minor: 7 memoryClockRate(GHz): 0.8235
pciBusID: 0000:05:00.0
totalMemory: 11.17GiB freeMemory: 11.10GiB
2019-08-06 20:44:49.452407: I tensorflow/core/common_runtime/gpu/gpu_device.cc:1432] Found device 1 with properties: 
name: Tesla K80 major: 3 minor: 7 memoryClockRate(GHz): 0.8235
pciBusID: 0000:84:00.0
totalMemory: 11.17GiB freeMemory: 11.10GiB
2019-08-06 20:44:49.452484: I tensorflow/core/common_runtime/gpu/gpu_device.cc:1511] Adding visible gpu devices: 0, 1
2019-08-06 20:45:09.843706: I tensorflow/core/common_runtime/gpu/gpu_device.cc:982] Device interconnect StreamExecutor with strength 1 edge matrix:
2019-08-06 20:45:09.849208: I tensorflow/core/common_runtime/gpu/gpu_device.cc:988]      0 1 
2019-08-06 20:45:09.849238: I tensorflow/core/common_runtime/gpu/gpu_device.cc:1001] 0:   N N 
2019-08-06 20:45:09.849243: I tensorflow/core/common_runtime/gpu/gpu_device.cc:1001] 1:   N N 
2019-08-06 20:45:09.849756: I tensorflow/core/common_runtime/gpu/gpu_device.cc:1115] Created TensorFlow device (/job:localhost/replica:0/task:0/device:GPU:0 with 10759 MB memory) -> physical GPU (device: 0, name: Tesla K80, pci bus id: 0000:05:00.0, compute capability: 3.7)
2019-08-06 20:45:09.856699: I tensorflow/core/common_runtime/gpu/gpu_device.cc:1115] Created TensorFlow device (/job:localhost/replica:0/task:0/device:GPU:1 with 10759 MB memory) -> physical GPU (device: 1, name: Tesla K80, pci bus id: 0000:84:00.0, compute capability: 3.7)
Using TensorFlow backend.
Model: "generator"
_________________________________________________________________
Layer (type)                 Output Shape              Param #   
=================================================================
dense_1 (Dense)              (None, 16384)             4931584   
_________________________________________________________________
reshape_1 (Reshape)          (None, 8, 8, 256)         0         
_________________________________________________________________
up_sampling2d_1 (UpSampling2 (None, 16, 16, 256)       0         
_________________________________________________________________
conv2d_1 (Conv2D)            (None, 16, 16, 256)       1048832   
_________________________________________________________________
batch_normalization_1 (Batch (None, 16, 16, 256)       1024      
_________________________________________________________________
activation_1 (Activation)    (None, 16, 16, 256)       0         
_________________________________________________________________
up_sampling2d_2 (UpSampling2 (None, 32, 32, 256)       0         
_________________________________________________________________
conv2d_2 (Conv2D)            (None, 32, 32, 256)       1048832   
_________________________________________________________________
batch_normalization_2 (Batch (None, 32, 32, 256)       1024      
_________________________________________________________________
activation_2 (Activation)    (None, 32, 32, 256)       0         
_________________________________________________________________
up_sampling2d_3 (UpSampling2 (None, 64, 64, 256)       0         
_________________________________________________________________
conv2d_3 (Conv2D)            (None, 64, 64, 128)       524416    
_________________________________________________________________
batch_normalization_3 (Batch (None, 64, 64, 128)       512       
_________________________________________________________________
activation_3 (Activation)    (None, 64, 64, 128)       0         
_________________________________________________________________
conv2d_4 (Conv2D)            (None, 64, 64, 128)       262272    
_________________________________________________________________
batch_normalization_4 (Batch (None, 64, 64, 128)       512       
_________________________________________________________________
activation_4 (Activation)    (None, 64, 64, 128)       0         
_________________________________________________________________
up_sampling2d_4 (UpSampling2 (None, 128, 128, 128)     0         
_________________________________________________________________
conv2d_5 (Conv2D)            (None, 128, 128, 64)      131136    
_________________________________________________________________
batch_normalization_5 (Batch (None, 128, 128, 64)      256       
_________________________________________________________________
activation_5 (Activation)    (None, 128, 128, 64)      0         
_________________________________________________________________
conv2d_6 (Conv2D)            (None, 128, 128, 64)      65600     
_________________________________________________________________
batch_normalization_6 (Batch (None, 128, 128, 64)      256       
_________________________________________________________________
activation_6 (Activation)    (None, 128, 128, 64)      0         
_________________________________________________________________
up_sampling2d_5 (UpSampling2 (None, 256, 256, 64)      0         
_________________________________________________________________
conv2d_7 (Conv2D)            (None, 256, 256, 32)      32800     
_________________________________________________________________
batch_normalization_7 (Batch (None, 256, 256, 32)      128       
_________________________________________________________________
activation_7 (Activation)    (None, 256, 256, 32)      0         
_________________________________________________________________
conv2d_8 (Conv2D)            (None, 256, 256, 1)       513       
_________________________________________________________________
activation_8 (Activation)    (None, 256, 256, 1)       0         
=================================================================
Total params: 8,049,697
Trainable params: 8,047,841
Non-trainable params: 1,856
_________________________________________________________________
Model: "discriminator"
_________________________________________________________________
Layer (type)                 Output Shape              Param #   
=================================================================
conv2d_9 (Conv2D)            (None, 128, 128, 32)      544       
_________________________________________________________________
leaky_re_lu_1 (LeakyReLU)    (None, 128, 128, 32)      0         
_________________________________________________________________
dropout_1 (Dropout)          (None, 128, 128, 32)      0         
_________________________________________________________________
conv2d_10 (Conv2D)           (None, 64, 64, 64)        32832     
_________________________________________________________________
batch_normalization_8 (Batch (None, 64, 64, 64)        256       
_________________________________________________________________
leaky_re_lu_2 (LeakyReLU)    (None, 64, 64, 64)        0         
_________________________________________________________________
dropout_2 (Dropout)          (None, 64, 64, 64)        0         
_________________________________________________________________
conv2d_11 (Conv2D)           (None, 32, 32, 128)       131200    
_________________________________________________________________
batch_normalization_9 (Batch (None, 32, 32, 128)       512       
_________________________________________________________________
leaky_re_lu_3 (LeakyReLU)    (None, 32, 32, 128)       0         
_________________________________________________________________
dropout_3 (Dropout)          (None, 32, 32, 128)       0         
_________________________________________________________________
conv2d_12 (Conv2D)           (None, 16, 16, 128)       262272    
_________________________________________________________________
batch_normalization_10 (Batc (None, 16, 16, 128)       512       
_________________________________________________________________
leaky_re_lu_4 (LeakyReLU)    (None, 16, 16, 128)       0         
_________________________________________________________________
dropout_4 (Dropout)          (None, 16, 16, 128)       0         
_________________________________________________________________
conv2d_13 (Conv2D)           (None, 8, 8, 256)         524544    
_________________________________________________________________
batch_normalization_11 (Batc (None, 8, 8, 256)         1024      
_________________________________________________________________
leaky_re_lu_5 (LeakyReLU)    (None, 8, 8, 256)         0         
_________________________________________________________________
dropout_5 (Dropout)          (None, 8, 8, 256)         0         
_________________________________________________________________
conv2d_14 (Conv2D)           (None, 4, 4, 256)         1048832   
_________________________________________________________________
batch_normalization_12 (Batc (None, 4, 4, 256)         1024      
_________________________________________________________________
leaky_re_lu_6 (LeakyReLU)    (None, 4, 4, 256)         0         
_________________________________________________________________
dropout_6 (Dropout)          (None, 4, 4, 256)         0         
_________________________________________________________________
conv2d_15 (Conv2D)           (None, 4, 4, 512)         1180160   
_________________________________________________________________
batch_normalization_13 (Batc (None, 4, 4, 512)         2048      
_________________________________________________________________
leaky_re_lu_7 (LeakyReLU)    (None, 4, 4, 512)         0         
_________________________________________________________________
dropout_7 (Dropout)          (None, 4, 4, 512)         0         
_________________________________________________________________
conv2d_16 (Conv2D)           (None, 4, 4, 512)         2359808   
_________________________________________________________________
batch_normalization_14 (Batc (None, 4, 4, 512)         2048      
_________________________________________________________________
leaky_re_lu_8 (LeakyReLU)    (None, 4, 4, 512)         0         
_________________________________________________________________
dropout_8 (Dropout)          (None, 4, 4, 512)         0         
_________________________________________________________________
flatten_1 (Flatten)          (None, 8192)              0         
_________________________________________________________________
dense_2 (Dense)              (None, 1)                 8193      
=================================================================
Total params: 5,555,809
Trainable params: 5,552,097
Non-trainable params: 3,712
_________________________________________________________________
Traceback (most recent call last):
  File "/global/home/groups/consultsw/sl-7.x86_64/modules/tensorflow/1.12.0-py36-pip-gpu/lib/python3.6/site-packages/tensorflow/python/framework/op_def_library.py", line 510, in _apply_op_helper
    preferred_dtype=default_dtype)
  File "/global/home/groups/consultsw/sl-7.x86_64/modules/tensorflow/1.12.0-py36-pip-gpu/lib/python3.6/site-packages/tensorflow/python/framework/ops.py", line 1146, in internal_convert_to_tensor
    ret = conversion_func(value, dtype=dtype, name=name, as_ref=as_ref)
  File "/global/home/groups/consultsw/sl-7.x86_64/modules/tensorflow/1.12.0-py36-pip-gpu/lib/python3.6/site-packages/tensorflow/python/framework/constant_op.py", line 229, in _constant_tensor_conversion_function
    return constant(v, dtype=dtype, name=name)
  File "/global/home/groups/consultsw/sl-7.x86_64/modules/tensorflow/1.12.0-py36-pip-gpu/lib/python3.6/site-packages/tensorflow/python/framework/constant_op.py", line 208, in constant
    value, dtype=dtype, shape=shape, verify_shape=verify_shape))
  File "/global/home/groups/consultsw/sl-7.x86_64/modules/tensorflow/1.12.0-py36-pip-gpu/lib/python3.6/site-packages/tensorflow/python/framework/tensor_util.py", line 430, in make_tensor_proto
    raise ValueError("None values not supported.")
ValueError: None values not supported.

During handling of the above exception, another exception occurred:

Traceback (most recent call last):
  File "/global/home/groups/consultsw/sl-7.x86_64/modules/tensorflow/1.12.0-py36-pip-gpu/lib/python3.6/site-packages/tensorflow/python/framework/op_def_library.py", line 524, in _apply_op_helper
    values, as_ref=input_arg.is_ref).dtype.name
  File "/global/home/groups/consultsw/sl-7.x86_64/modules/tensorflow/1.12.0-py36-pip-gpu/lib/python3.6/site-packages/tensorflow/python/framework/ops.py", line 1146, in internal_convert_to_tensor
    ret = conversion_func(value, dtype=dtype, name=name, as_ref=as_ref)
  File "/global/home/groups/consultsw/sl-7.x86_64/modules/tensorflow/1.12.0-py36-pip-gpu/lib/python3.6/site-packages/tensorflow/python/framework/constant_op.py", line 229, in _constant_tensor_conversion_function
    return constant(v, dtype=dtype, name=name)
  File "/global/home/groups/consultsw/sl-7.x86_64/modules/tensorflow/1.12.0-py36-pip-gpu/lib/python3.6/site-packages/tensorflow/python/framework/constant_op.py", line 208, in constant
    value, dtype=dtype, shape=shape, verify_shape=verify_shape))
  File "/global/home/groups/consultsw/sl-7.x86_64/modules/tensorflow/1.12.0-py36-pip-gpu/lib/python3.6/site-packages/tensorflow/python/framework/tensor_util.py", line 430, in make_tensor_proto
    raise ValueError("None values not supported.")
ValueError: None values not supported.

During handling of the above exception, another exception occurred:

Traceback (most recent call last):
  File "wgan256.py", line 269, in <module>
    wgan = WGAN()
  File "wgan256.py", line 87, in __init__
    loss_weights=[1, 1, 10])
  File "/global/home/users/andy-wu/.local/lib/python3.6/site-packages/keras/engine/training.py", line 345, in compile
    sample_weight, mask)
  File "/global/home/users/andy-wu/.local/lib/python3.6/site-packages/keras/engine/training_utils.py", line 428, in weighted
    score_array = fn(y_true, y_pred)
  File "wgan256.py", line 114, in gradient_penalty_loss
    gradients_sqr = K.square(gradients)
  File "/global/home/users/andy-wu/.local/lib/python3.6/site-packages/keras/backend/tensorflow_backend.py", line 1638, in square
    return tf.square(x)
  File "/global/home/groups/consultsw/sl-7.x86_64/modules/tensorflow/1.12.0-py36-pip-gpu/lib/python3.6/site-packages/tensorflow/python/ops/math_ops.py", line 342, in square
    return gen_math_ops.square(x, name=name)
  File "/global/home/groups/consultsw/sl-7.x86_64/modules/tensorflow/1.12.0-py36-pip-gpu/lib/python3.6/site-packages/tensorflow/python/ops/gen_math_ops.py", line 8197, in square
    "Square", x=x, name=name)
  File "/global/home/groups/consultsw/sl-7.x86_64/modules/tensorflow/1.12.0-py36-pip-gpu/lib/python3.6/site-packages/tensorflow/python/framework/op_def_library.py", line 528, in _apply_op_helper
    (input_name, err))
ValueError: Tried to convert 'x' to a tensor and failed. Error: None values not supported.
